# JRE version: 7.0_17-b02
# Java VM: Java HotSpot(TM) Client VM (23.7-b01 mixed mode, sharing windows-x86 )
Heap
 def new generation   total 4928K, used 4777K [0x22b00000, 0x23050000, 0x28050000)
  eden space 4416K,  96% used [0x22b00000, 0x22f2a710, 0x22f50000)
  from space 512K, 100% used [0x22f50000, 0x22fd0000, 0x22fd0000)
  to   space 512K,   0% used [0x22fd0000, 0x22fd0000, 0x23050000)
 tenured generation   total 10944K, used 5121K [0x28050000, 0x28b00000, 0x32b00000)
   the space 10944K,  46% used [0x28050000, 0x28550608, 0x28550800, 0x28b00000)
 compacting perm gen  total 12288K, used 2948K [0x32b00000, 0x33700000, 0x36b00000)
   the space 12288K,  23% used [0x32b00000, 0x32de1188, 0x32de1200, 0x33700000)
    ro space 10240K,  45% used [0x36b00000, 0x36f873d8, 0x36f87400, 0x37500000)
    rw space 12288K,  54% used [0x37500000, 0x37b8acc8, 0x37b8ae00, 0x38100000)
GC Heap History (10 events):
Event: 1.053 GC heap before
{Heap before GC invocations=1 (full 0):
 def new generation   total 4928K, used 4928K [0x22b00000, 0x23050000, 0x28050000)
  eden space 4416K, 100% used [0x22b00000, 0x22f50000, 0x22f50000)
  from space 512K, 100% used [0x22fd0000, 0x23050000, 0x23050000)
  to   space 512K,   0% used [0x22f50000, 0x22f50000, 0x22fd0000)
 tenured generation   total 10944K, used 666K [0x28050000, 0x28b00000, 0x32b00000)
   the space 10944K,   6% used [0x28050000, 0x280f6a18, 0x280f6c00, 0x28b00000)
 compacting perm gen  total 12288K, used 2086K [0x32b00000, 0x33700000, 0x36b00000)
   the space 12288K,  16% used [0x32b00000, 0x32d09bd0, 0x32d09c00, 0x33700000)
    ro space 10240K,  45% used [0x36b00000, 0x36f873d8, 0x36f87400, 0x37500000)
    rw space 12288K,  54% used [0x37500000, 0x37b8acc8, 0x37b8ae00, 0x38100000)
Event: 1.061 GC heap after
Heap after GC invocations=2 (full 0):
 def new generation   total 4928K, used 512K [0x22b00000, 0x23050000, 0x28050000)
  eden space 4416K,   0% used [0x22b00000, 0x22b00000, 0x22f50000)
  from space 512K, 100% used [0x22f50000, 0x22fd0000, 0x22fd0000)
  to   space 512K,   0% used [0x22fd0000, 0x22fd0000, 0x23050000)
 tenured generation   total 10944K, used 1750K [0x28050000, 0x28b00000, 0x32b00000)
   the space 10944K,  15% used [0x28050000, 0x28205858, 0x28205a00, 0x28b00000)
 compacting perm gen  total 12288K, used 2086K [0x32b00000, 0x33700000, 0x36b00000)
   the space 12288K,  16% used [0x32b00000, 0x32d09bd0, 0x32d09c00, 0x33700000)
    ro space 10240K,  45% used [0x36b00000, 0x36f873d8, 0x36f87400, 0x37500000)
    rw space 12288K,  54% used [0x37500000, 0x37b8acc8, 0x37b8ae00, 0x38100000)
}
Event: 1.856 GC heap before
{Heap before GC invocations=2 (full 0):
 def new generation   total 4928K, used 4812K [0x22b00000, 0x23050000, 0x28050000)
  eden space 4416K,  97% used [0x22b00000, 0x22f33080, 0x22f50000)
  from space 512K, 100% used [0x22f50000, 0x22fd0000, 0x22fd0000)
  to   space 512K,   0% used [0x22fd0000, 0x22fd0000, 0x23050000)
 tenured generation   total 10944K, used 1750K [0x28050000, 0x28b00000, 0x32b00000)
   the space 10944K,  15% used [0x28050000, 0x28205858, 0x28205a00, 0x28b00000)
 compacting perm gen  total 12288K, used 2893K [0x32b00000, 0x33700000, 0x36b00000)
   the space 12288K,  23% used [0x32b00000, 0x32dd3560, 0x32dd3600, 0x33700000)
    ro space 10240K,  45% used [0x36b00000, 0x36f873d8, 0x36f87400, 0x37500000)
    rw space 12288K,  54% used [0x37500000, 0x37b8acc8, 0x37b8ae00, 0x38100000)
Event: 1.864 GC heap after
Heap after GC invocations=3 (full 0):
 def new generation   total 4928K, used 512K [0x22b00000, 0x23050000, 0x28050000)
  eden space 4416K,   0% used [0x22b00000, 0x22b00000, 0x22f50000)
  from space 512K, 100% used [0x22fd0000, 0x23050000, 0x23050000)
  to   space 512K,   0% used [0x22f50000, 0x22f50000, 0x22fd0000)
 tenured generation   total 10944K, used 2235K [0x28050000, 0x28b00000, 0x32b00000)
   the space 10944K,  20% used [0x28050000, 0x2827eca8, 0x2827ee00, 0x28b00000)
 compacting perm gen  total 12288K, used 2893K [0x32b00000, 0x33700000, 0x36b00000)
   the space 12288K,  23% used [0x32b00000, 0x32dd3560, 0x32dd3600, 0x33700000)
    ro space 10240K,  45% used [0x36b00000, 0x36f873d8, 0x36f87400, 0x37500000)
    rw space 12288K,  54% used [0x37500000, 0x37b8acc8, 0x37b8ae00, 0x38100000)
}
Event: 3.683 GC heap before
{Heap before GC invocations=3 (full 0):
 def new generation   total 4928K, used 4925K [0x22b00000, 0x23050000, 0x28050000)
  eden space 4416K,  99% used [0x22b00000, 0x22f4f4c0, 0x22f50000)
  from space 512K, 100% used [0x22fd0000, 0x23050000, 0x23050000)
  to   space 512K,   0% used [0x22f50000, 0x22f50000, 0x22fd0000)
 tenured generation   total 10944K, used 2235K [0x28050000, 0x28b00000, 0x32b00000)
   the space 10944K,  20% used [0x28050000, 0x2827eca8, 0x2827ee00, 0x28b00000)
 compacting perm gen  total 12288K, used 2896K [0x32b00000, 0x33700000, 0x36b00000)
   the space 12288K,  23% used [0x32b00000, 0x32dd41e0, 0x32dd4200, 0x33700000)
    ro space 10240K,  45% used [0x36b00000, 0x36f873d8, 0x36f87400, 0x37500000)
    rw space 12288K,  54% used [0x37500000, 0x37b8acc8, 0x37b8ae00, 0x38100000)
Event: 3.690 GC heap after
Heap after GC invocations=4 (full 0):
 def new generation   total 4928K, used 512K [0x22b00000, 0x23050000, 0x28050000)
  eden space 4416K,   0% used [0x22b00000, 0x22b00000, 0x22f50000)
  from space 512K, 100% used [0x22f50000, 0x22fd0000, 0x22fd0000)
  to   space 512K,   0% used [0x22fd0000, 0x22fd0000, 0x23050000)
 tenured generation   total 10944K, used 3157K [0x28050000, 0x28b00000, 0x32b00000)
   the space 10944K,  28% used [0x28050000, 0x283655f0, 0x28365600, 0x28b00000)
 compacting perm gen  total 12288K, used 2896K [0x32b00000, 0x33700000, 0x36b00000)
   the space 12288K,  23% used [0x32b00000, 0x32dd41e0, 0x32dd4200, 0x33700000)
    ro space 10240K,  45% used [0x36b00000, 0x36f873d8, 0x36f87400, 0x37500000)
    rw space 12288K,  54% used [0x37500000, 0x37b8acc8, 0x37b8ae00, 0x38100000)
}
Event: 5.271 GC heap before
{Heap before GC invocations=4 (full 0):
 def new generation   total 4928K, used 4163K [0x22b00000, 0x23050000, 0x28050000)
  eden space 4416K,  82% used [0x22b00000, 0x22e90f40, 0x22f50000)
  from space 512K, 100% used [0x22f50000, 0x22fd0000, 0x22fd0000)
  to   space 512K,   0% used [0x22fd0000, 0x22fd0000, 0x23050000)
 tenured generation   total 10944K, used 3157K [0x28050000, 0x28b00000, 0x32b00000)
   the space 10944K,  28% used [0x28050000, 0x283655f0, 0x28365600, 0x28b00000)
 compacting perm gen  total 12288K, used 2898K [0x32b00000, 0x33700000, 0x36b00000)
   the space 12288K,  23% used [0x32b00000, 0x32dd4940, 0x32dd4a00, 0x33700000)
    ro space 10240K,  45% used [0x36b00000, 0x36f873d8, 0x36f87400, 0x37500000)
    rw space 12288K,  54% used [0x37500000, 0x37b8acc8, 0x37b8ae00, 0x38100000)
Event: 5.276 GC heap after
Heap after GC invocations=5 (full 0):
 def new generation   total 4928K, used 512K [0x22b00000, 0x23050000, 0x28050000)
  eden space 4416K,   0% used [0x22b00000, 0x22b00000, 0x22f50000)
  from space 512K, 100% used [0x22fd0000, 0x23050000, 0x23050000)
  to   space 512K,   0% used [0x22f50000, 0x22f50000, 0x22fd0000)
 tenured generation   total 10944K, used 3862K [0x28050000, 0x28b00000, 0x32b00000)
   the space 10944K,  35% used [0x28050000, 0x28415a68, 0x28415c00, 0x28b00000)
 compacting perm gen  total 12288K, used 2898K [0x32b00000, 0x33700000, 0x36b00000)
   the space 12288K,  23% used [0x32b00000, 0x32dd4940, 0x32dd4a00, 0x33700000)
    ro space 10240K,  45% used [0x36b00000, 0x36f873d8, 0x36f87400, 0x37500000)
    rw space 12288K,  54% used [0x37500000, 0x37b8acc8, 0x37b8ae00, 0x38100000)
}
Event: 6.457 GC heap before
{Heap before GC invocations=5 (full 0):
 def new generation   total 4928K, used 4928K [0x22b00000, 0x23050000, 0x28050000)
  eden space 4416K, 100% used [0x22b00000, 0x22f50000, 0x22f50000)
  from space 512K, 100% used [0x22fd0000, 0x23050000, 0x23050000)
  to   space 512K,   0% used [0x22f50000, 0x22f50000, 0x22fd0000)
 tenured generation   total 10944K, used 3862K [0x28050000, 0x28b00000, 0x32b00000)
   the space 10944K,  35% used [0x28050000, 0x28415a68, 0x28415c00, 0x28b00000)
 compacting perm gen  total 12288K, used 2898K [0x32b00000, 0x33700000, 0x36b00000)
   the space 12288K,  23% used [0x32b00000, 0x32dd4960, 0x32dd4a00, 0x33700000)
    ro space 10240K,  45% used [0x36b00000, 0x36f873d8, 0x36f87400, 0x37500000)
    rw space 12288K,  54% used [0x37500000, 0x37b8acc8, 0x37b8ae00, 0x38100000)
Event: 6.464 GC heap after
Heap after GC invocations=6 (full 0):
 def new generation   total 4928K, used 512K [0x22b00000, 0x23050000, 0x28050000)
  eden space 4416K,   0% used [0x22b00000, 0x22b00000, 0x22f50000)
  from space 512K, 100% used [0x22f50000, 0x22fd0000, 0x22fd0000)
  to   space 512K,   0% used [0x22fd0000, 0x22fd0000, 0x23050000)
 tenured generation   total 10944K, used 5121K [0x28050000, 0x28b00000, 0x32b00000)
   the space 10944K,  46% used [0x28050000, 0x28550608, 0x28550800, 0x28b00000)
 compacting perm gen  total 12288K, used 2898K [0x32b00000, 0x33700000, 0x36b00000)
   the space 12288K,  23% used [0x32b00000, 0x32dd4960, 0x32dd4a00, 0x33700000)
    ro space 10240K,  45% used [0x36b00000, 0x36f873d8, 0x36f87400, 0x37500000)
    rw space 12288K,  54% used [0x37500000, 0x37b8acc8, 0x37b8ae00, 0x38100000)
}

